2017-01-11 12:11:29.252  INFO 32607 --- [           main] p.j.s.UpgraderSkillsApplicationTests     : Starting UpgraderSkillsApplicationTests on przodownik-r1 with PID 32607 (started by przodownik in /home/przodownik/blog/skillsUpgrader)
2017-01-11 12:11:29.252  INFO 32607 --- [           main] p.j.s.UpgraderSkillsApplicationTests     : The following profiles are active: dev
2017-01-11 12:11:38.330  INFO 32607 --- [           main] p.j.s.UpgraderSkillsApplicationTests     : Started UpgraderSkillsApplicationTests in 9.626 seconds (JVM running for 10.773)
2017-01-11 12:12:18.278  INFO 32681 --- [           main] p.j.s.b.UpgraderSkillsApplicationTests   : Starting UpgraderSkillsApplicationTests on przodownik-r1 with PID 32681 (started by przodownik in /home/przodownik/blog/skillsUpgrader)
2017-01-11 12:12:18.279  INFO 32681 --- [           main] p.j.s.b.UpgraderSkillsApplicationTests   : The following profiles are active: dev
2017-01-11 12:12:25.322  INFO 32681 --- [           main] p.j.s.b.UpgraderSkillsApplicationTests   : Started UpgraderSkillsApplicationTests in 7.316 seconds (JVM running for 7.839)
2017-01-11 16:30:49.087  INFO 7640 --- [    Test worker] p.j.s.b.UpgraderSkillsApplicationTests   : Starting UpgraderSkillsApplicationTests on przodownik-r1 with PID 7640 (started by przodownik in /home/przodownik/blog/skillsUpgrader)
2017-01-11 16:30:49.087  INFO 7640 --- [    Test worker] p.j.s.b.UpgraderSkillsApplicationTests   : The following profiles are active: dev
2017-01-11 16:30:58.334  INFO 7640 --- [    Test worker] p.j.s.b.UpgraderSkillsApplicationTests   : Started UpgraderSkillsApplicationTests in 9.931 seconds (JVM running for 11.508)
2017-01-11 18:06:20.280  INFO 12640 --- [           main] p.j.s.user.repo.UserRepositoryTests      : Starting UserRepositoryTests on przodownik-r1 with PID 12640 (started by przodownik in /home/przodownik/blog/skillsUpgrader)
2017-01-11 18:06:20.280  INFO 12640 --- [           main] p.j.s.user.repo.UserRepositoryTests      : The following profiles are active: dev
2017-01-11 18:06:23.071  INFO 12640 --- [           main] p.j.s.user.repo.UserRepositoryTests      : Starting UserRepositoryTests on przodownik-r1 with PID 12640 (started by przodownik in /home/przodownik/blog/skillsUpgrader)
2017-01-11 18:06:23.071  INFO 12640 --- [           main] p.j.s.user.repo.UserRepositoryTests      : The following profiles are active: dev
2017-01-11 18:06:23.508  INFO 12640 --- [           main] p.j.s.user.repo.UserRepositoryTests      : Starting UserRepositoryTests on przodownik-r1 with PID 12640 (started by przodownik in /home/przodownik/blog/skillsUpgrader)
2017-01-11 18:06:23.509  INFO 12640 --- [           main] p.j.s.user.repo.UserRepositoryTests      : The following profiles are active: dev
2017-01-11 18:06:24.022  INFO 12640 --- [           main] p.j.s.user.repo.UserRepositoryTests      : Starting UserRepositoryTests on przodownik-r1 with PID 12640 (started by przodownik in /home/przodownik/blog/skillsUpgrader)
2017-01-11 18:06:24.022  INFO 12640 --- [           main] p.j.s.user.repo.UserRepositoryTests      : The following profiles are active: dev
2017-01-11 18:21:45.108  INFO 13117 --- [           main] p.j.s.user.repo.UserRepositoryTests      : Starting UserRepositoryTests on przodownik-r1 with PID 13117 (started by przodownik in /home/przodownik/blog/skillsUpgrader)
2017-01-11 18:21:45.109  INFO 13117 --- [           main] p.j.s.user.repo.UserRepositoryTests      : The following profiles are active: dev
2017-01-11 18:21:47.264  INFO 13117 --- [           main] p.j.s.user.repo.UserRepositoryTests      : Starting UserRepositoryTests on przodownik-r1 with PID 13117 (started by przodownik in /home/przodownik/blog/skillsUpgrader)
2017-01-11 18:21:47.264  INFO 13117 --- [           main] p.j.s.user.repo.UserRepositoryTests      : The following profiles are active: dev
2017-01-11 18:21:47.672  INFO 13117 --- [           main] p.j.s.user.repo.UserRepositoryTests      : Starting UserRepositoryTests on przodownik-r1 with PID 13117 (started by przodownik in /home/przodownik/blog/skillsUpgrader)
2017-01-11 18:21:47.673  INFO 13117 --- [           main] p.j.s.user.repo.UserRepositoryTests      : The following profiles are active: dev
2017-01-11 18:21:48.080  INFO 13117 --- [           main] p.j.s.user.repo.UserRepositoryTests      : Starting UserRepositoryTests on przodownik-r1 with PID 13117 (started by przodownik in /home/przodownik/blog/skillsUpgrader)
2017-01-11 18:21:48.081  INFO 13117 --- [           main] p.j.s.user.repo.UserRepositoryTests      : The following profiles are active: dev
2017-01-11 18:22:48.490  INFO 13205 --- [           main] p.j.s.user.repo.UserRepositoryTests      : Starting UserRepositoryTests on przodownik-r1 with PID 13205 (started by przodownik in /home/przodownik/blog/skillsUpgrader)
2017-01-11 18:22:48.491  INFO 13205 --- [           main] p.j.s.user.repo.UserRepositoryTests      : The following profiles are active: dev
2017-01-11 18:22:50.218  INFO 13205 --- [           main] p.j.s.user.repo.UserRepositoryTests      : Starting UserRepositoryTests on przodownik-r1 with PID 13205 (started by przodownik in /home/przodownik/blog/skillsUpgrader)
2017-01-11 18:22:50.218  INFO 13205 --- [           main] p.j.s.user.repo.UserRepositoryTests      : The following profiles are active: dev
2017-01-11 18:22:50.622  INFO 13205 --- [           main] p.j.s.user.repo.UserRepositoryTests      : Starting UserRepositoryTests on przodownik-r1 with PID 13205 (started by przodownik in /home/przodownik/blog/skillsUpgrader)
2017-01-11 18:22:50.622  INFO 13205 --- [           main] p.j.s.user.repo.UserRepositoryTests      : The following profiles are active: dev
2017-01-11 18:22:51.044  INFO 13205 --- [           main] p.j.s.user.repo.UserRepositoryTests      : Starting UserRepositoryTests on przodownik-r1 with PID 13205 (started by przodownik in /home/przodownik/blog/skillsUpgrader)
2017-01-11 18:22:51.044  INFO 13205 --- [           main] p.j.s.user.repo.UserRepositoryTests      : The following profiles are active: dev
2017-01-11 18:23:49.505  INFO 13358 --- [           main] p.j.s.user.repo.UserRepositoryTests      : Starting UserRepositoryTests on przodownik-r1 with PID 13358 (started by przodownik in /home/przodownik/blog/skillsUpgrader)
2017-01-11 18:23:49.506  INFO 13358 --- [           main] p.j.s.user.repo.UserRepositoryTests      : The following profiles are active: dev
2017-01-11 18:23:51.325  INFO 13358 --- [           main] p.j.s.user.repo.UserRepositoryTests      : Starting UserRepositoryTests on przodownik-r1 with PID 13358 (started by przodownik in /home/przodownik/blog/skillsUpgrader)
2017-01-11 18:23:51.325  INFO 13358 --- [           main] p.j.s.user.repo.UserRepositoryTests      : The following profiles are active: dev
2017-01-11 18:23:51.738  INFO 13358 --- [           main] p.j.s.user.repo.UserRepositoryTests      : Starting UserRepositoryTests on przodownik-r1 with PID 13358 (started by przodownik in /home/przodownik/blog/skillsUpgrader)
2017-01-11 18:23:51.739  INFO 13358 --- [           main] p.j.s.user.repo.UserRepositoryTests      : The following profiles are active: dev
2017-01-11 18:23:52.196  INFO 13358 --- [           main] p.j.s.user.repo.UserRepositoryTests      : Starting UserRepositoryTests on przodownik-r1 with PID 13358 (started by przodownik in /home/przodownik/blog/skillsUpgrader)
2017-01-11 18:23:52.196  INFO 13358 --- [           main] p.j.s.user.repo.UserRepositoryTests      : The following profiles are active: dev
2017-01-11 18:24:40.830  INFO 13438 --- [           main] p.j.s.user.repo.UserRepositoryTests      : Starting UserRepositoryTests on przodownik-r1 with PID 13438 (started by przodownik in /home/przodownik/blog/skillsUpgrader)
2017-01-11 18:24:40.830  INFO 13438 --- [           main] p.j.s.user.repo.UserRepositoryTests      : The following profiles are active: dev
2017-01-11 18:24:43.239  INFO 13438 --- [           main] p.j.s.user.repo.UserRepositoryTests      : Starting UserRepositoryTests on przodownik-r1 with PID 13438 (started by przodownik in /home/przodownik/blog/skillsUpgrader)
2017-01-11 18:24:43.239  INFO 13438 --- [           main] p.j.s.user.repo.UserRepositoryTests      : The following profiles are active: dev
2017-01-11 18:24:43.798  INFO 13438 --- [           main] p.j.s.user.repo.UserRepositoryTests      : Starting UserRepositoryTests on przodownik-r1 with PID 13438 (started by przodownik in /home/przodownik/blog/skillsUpgrader)
2017-01-11 18:24:43.798  INFO 13438 --- [           main] p.j.s.user.repo.UserRepositoryTests      : The following profiles are active: dev
2017-01-11 18:24:44.341  INFO 13438 --- [           main] p.j.s.user.repo.UserRepositoryTests      : Starting UserRepositoryTests on przodownik-r1 with PID 13438 (started by przodownik in /home/przodownik/blog/skillsUpgrader)
2017-01-11 18:24:44.342  INFO 13438 --- [           main] p.j.s.user.repo.UserRepositoryTests      : The following profiles are active: dev
2017-01-11 18:25:31.417  INFO 13505 --- [           main] p.j.s.user.repo.UserRepositoryTests      : Starting UserRepositoryTests on przodownik-r1 with PID 13505 (started by przodownik in /home/przodownik/blog/skillsUpgrader)
2017-01-11 18:25:31.417  INFO 13505 --- [           main] p.j.s.user.repo.UserRepositoryTests      : The following profiles are active: dev
2017-01-11 18:25:33.848  INFO 13505 --- [           main] p.j.s.user.repo.UserRepositoryTests      : Starting UserRepositoryTests on przodownik-r1 with PID 13505 (started by przodownik in /home/przodownik/blog/skillsUpgrader)
2017-01-11 18:25:33.848  INFO 13505 --- [           main] p.j.s.user.repo.UserRepositoryTests      : The following profiles are active: dev
2017-01-11 18:25:34.407  INFO 13505 --- [           main] p.j.s.user.repo.UserRepositoryTests      : Starting UserRepositoryTests on przodownik-r1 with PID 13505 (started by przodownik in /home/przodownik/blog/skillsUpgrader)
2017-01-11 18:25:34.407  INFO 13505 --- [           main] p.j.s.user.repo.UserRepositoryTests      : The following profiles are active: dev
2017-01-11 18:25:35.003  INFO 13505 --- [           main] p.j.s.user.repo.UserRepositoryTests      : Starting UserRepositoryTests on przodownik-r1 with PID 13505 (started by przodownik in /home/przodownik/blog/skillsUpgrader)
2017-01-11 18:25:35.003  INFO 13505 --- [           main] p.j.s.user.repo.UserRepositoryTests      : The following profiles are active: dev
2017-01-11 18:27:15.918  INFO 13615 --- [           main] p.j.s.user.repo.UserRepositoryTests      : Starting UserRepositoryTests on przodownik-r1 with PID 13615 (started by przodownik in /home/przodownik/blog/skillsUpgrader)
2017-01-11 18:27:15.918  INFO 13615 --- [           main] p.j.s.user.repo.UserRepositoryTests      : The following profiles are active: dev
2017-01-11 18:27:18.355  INFO 13615 --- [           main] p.j.s.user.repo.UserRepositoryTests      : Started UserRepositoryTests in 2.736 seconds (JVM running for 3.386)
2017-01-11 18:28:02.935  INFO 13692 --- [           main] p.j.s.user.repo.UserRepositoryTests      : Starting UserRepositoryTests on przodownik-r1 with PID 13692 (started by przodownik in /home/przodownik/blog/skillsUpgrader)
2017-01-11 18:28:02.936  INFO 13692 --- [           main] p.j.s.user.repo.UserRepositoryTests      : The following profiles are active: dev
2017-01-11 18:28:05.504  INFO 13692 --- [           main] p.j.s.user.repo.UserRepositoryTests      : Started UserRepositoryTests in 2.891 seconds (JVM running for 3.482)
2017-01-11 18:29:05.162  INFO 13762 --- [           main] p.j.s.user.repo.UserRepositoryTests      : Starting UserRepositoryTests on przodownik-r1 with PID 13762 (started by przodownik in /home/przodownik/blog/skillsUpgrader)
2017-01-11 18:29:05.162  INFO 13762 --- [           main] p.j.s.user.repo.UserRepositoryTests      : The following profiles are active: dev
2017-01-11 18:29:07.414  INFO 13762 --- [           main] p.j.s.user.repo.UserRepositoryTests      : Starting UserRepositoryTests on przodownik-r1 with PID 13762 (started by przodownik in /home/przodownik/blog/skillsUpgrader)
2017-01-11 18:29:07.414  INFO 13762 --- [           main] p.j.s.user.repo.UserRepositoryTests      : The following profiles are active: dev
2017-01-11 18:29:07.996  INFO 13762 --- [           main] p.j.s.user.repo.UserRepositoryTests      : Starting UserRepositoryTests on przodownik-r1 with PID 13762 (started by przodownik in /home/przodownik/blog/skillsUpgrader)
2017-01-11 18:29:07.996  INFO 13762 --- [           main] p.j.s.user.repo.UserRepositoryTests      : The following profiles are active: dev
2017-01-11 18:29:08.597  INFO 13762 --- [           main] p.j.s.user.repo.UserRepositoryTests      : Starting UserRepositoryTests on przodownik-r1 with PID 13762 (started by przodownik in /home/przodownik/blog/skillsUpgrader)
2017-01-11 18:29:08.598  INFO 13762 --- [           main] p.j.s.user.repo.UserRepositoryTests      : The following profiles are active: dev
2017-01-11 18:30:12.399  INFO 13842 --- [           main] p.j.s.user.repo.UserRepositoryTests      : Starting UserRepositoryTests on przodownik-r1 with PID 13842 (started by przodownik in /home/przodownik/blog/skillsUpgrader)
2017-01-11 18:30:12.399  INFO 13842 --- [           main] p.j.s.user.repo.UserRepositoryTests      : The following profiles are active: dev
2017-01-11 18:30:14.725  INFO 13842 --- [           main] p.j.s.user.repo.UserRepositoryTests      : Starting UserRepositoryTests on przodownik-r1 with PID 13842 (started by przodownik in /home/przodownik/blog/skillsUpgrader)
2017-01-11 18:30:14.726  INFO 13842 --- [           main] p.j.s.user.repo.UserRepositoryTests      : The following profiles are active: dev
2017-01-11 18:30:15.293  INFO 13842 --- [           main] p.j.s.user.repo.UserRepositoryTests      : Starting UserRepositoryTests on przodownik-r1 with PID 13842 (started by przodownik in /home/przodownik/blog/skillsUpgrader)
2017-01-11 18:30:15.293  INFO 13842 --- [           main] p.j.s.user.repo.UserRepositoryTests      : The following profiles are active: dev
2017-01-11 18:30:15.889  INFO 13842 --- [           main] p.j.s.user.repo.UserRepositoryTests      : Starting UserRepositoryTests on przodownik-r1 with PID 13842 (started by przodownik in /home/przodownik/blog/skillsUpgrader)
2017-01-11 18:30:15.889  INFO 13842 --- [           main] p.j.s.user.repo.UserRepositoryTests      : The following profiles are active: dev
2017-01-11 18:31:38.428  INFO 13940 --- [           main] p.j.s.user.repo.UserRepositoryTests      : Starting UserRepositoryTests on przodownik-r1 with PID 13940 (started by przodownik in /home/przodownik/blog/skillsUpgrader)
2017-01-11 18:31:38.429  INFO 13940 --- [           main] p.j.s.user.repo.UserRepositoryTests      : The following profiles are active: dev
2017-01-11 18:31:40.818  INFO 13940 --- [           main] p.j.s.user.repo.UserRepositoryTests      : Started UserRepositoryTests in 2.699 seconds (JVM running for 3.289)
2017-01-11 18:40:29.190  INFO 14450 --- [           main] pl.java.scalatech.tag.TagRepoTest        : Starting TagRepoTest on przodownik-r1 with PID 14450 (started by przodownik in /home/przodownik/blog/skillsUpgrader)
2017-01-11 18:40:29.190  INFO 14450 --- [           main] pl.java.scalatech.tag.TagRepoTest        : The following profiles are active: dev
2017-01-11 18:40:31.565  INFO 14450 --- [           main] pl.java.scalatech.tag.TagRepoTest        : Started TagRepoTest in 2.688 seconds (JVM running for 3.314)
2017-01-11 18:41:58.227  INFO 14596 --- [           main] pl.java.scalatech.task.TaskRepoTest      : Starting TaskRepoTest on przodownik-r1 with PID 14596 (started by przodownik in /home/przodownik/blog/skillsUpgrader)
2017-01-11 18:41:58.228  INFO 14596 --- [           main] pl.java.scalatech.task.TaskRepoTest      : The following profiles are active: dev
2017-01-11 18:42:00.728  INFO 14596 --- [           main] pl.java.scalatech.task.TaskRepoTest      : Started TaskRepoTest in 2.861 seconds (JVM running for 3.486)
2017-01-11 18:43:24.158  INFO 14704 --- [           main] pl.java.scalatech.tag.TagRepoTest        : Starting TagRepoTest on przodownik-r1 with PID 14704 (started by przodownik in /home/przodownik/blog/skillsUpgrader)
2017-01-11 18:43:24.158  INFO 14704 --- [           main] pl.java.scalatech.tag.TagRepoTest        : The following profiles are active: dev
2017-01-11 18:43:26.519  INFO 14704 --- [           main] pl.java.scalatech.tag.TagRepoTest        : Started TagRepoTest in 2.663 seconds (JVM running for 3.258)
2017-01-11 18:43:38.565  INFO 14744 --- [           main] p.j.s.user.repo.UserRepositoryTests      : Starting UserRepositoryTests on przodownik-r1 with PID 14744 (started by przodownik in /home/przodownik/blog/skillsUpgrader)
2017-01-11 18:43:38.565  INFO 14744 --- [           main] p.j.s.user.repo.UserRepositoryTests      : The following profiles are active: dev
2017-01-11 18:43:42.225  INFO 14744 --- [           main] p.j.s.user.repo.UserRepositoryTests      : Started UserRepositoryTests in 4.501 seconds (JVM running for 5.895)
2017-01-11 18:43:43.503  INFO 14744 --- [           main] p.j.s.b.UpgraderSkillsApplicationTests   : Starting UpgraderSkillsApplicationTests on przodownik-r1 with PID 14744 (started by przodownik in /home/przodownik/blog/skillsUpgrader)
2017-01-11 18:43:43.503  INFO 14744 --- [           main] p.j.s.b.UpgraderSkillsApplicationTests   : The following profiles are active: dev
2017-01-11 18:43:53.437  INFO 14744 --- [           main] p.j.s.b.UpgraderSkillsApplicationTests   : Started UpgraderSkillsApplicationTests in 10.028 seconds (JVM running for 17.107)
